C:\workspace\wolfcrypt_nodejs-gojimmypi> npm i

> wolfcrypt@1.0.3 install
> node-gyp rebuild

gyp info it worked if it ends with ok
gyp info using node-gyp@9.4.1
gyp info using node@20.18.0 | win32 | x64
gyp info find Python using Python version 3.8.2 found at "C:\Users\gojimmypi\AppData\Local\Programs\Python\Python38\python.exe"
gyp info find VS using VS2022 (17.11.35327.3) found at:
gyp info find VS "C:\Program Files\Microsoft Visual Studio\2022\Community"
gyp info find VS run with --verbose for detailed information
gyp info spawn C:\Users\gojimmypi\AppData\Local\Programs\Python\Python38\python.exe
gyp info spawn args [
gyp info spawn args   'C:\\workspace\\wolfcrypt_nodejs-gojimmypi\\node_modules\\node-gyp\\gyp\\gyp_main.py',
gyp info spawn args   'binding.gyp',
gyp info spawn args   '-f',
gyp info spawn args   'msvs',
gyp info spawn args   '-I',
gyp info spawn args   'C:\\workspace\\wolfcrypt_nodejs-gojimmypi\\build\\config.gypi',
gyp info spawn args   '-I',
gyp info spawn args   'C:\\workspace\\wolfcrypt_nodejs-gojimmypi\\node_modules\\node-gyp\\addon.gypi',
gyp info spawn args   '-I',
gyp info spawn args   'C:\\Users\\gojimmypi\\AppData\\Local\\node-gyp\\Cache\\20.18.0\\include\\node\\common.gypi',
gyp info spawn args   '-Dlibrary=shared_library',
gyp info spawn args   '-Dvisibility=default',
gyp info spawn args   '-Dnode_root_dir=C:\\Users\\gojimmypi\\AppData\\Local\\node-gyp\\Cache\\20.18.0',
gyp info spawn args   '-Dnode_gyp_dir=C:\\workspace\\wolfcrypt_nodejs-gojimmypi\\node_modules\\node-gyp',
gyp info spawn args   '-Dnode_lib_file=C:\\\\Users\\\\gojimmypi\\\\AppData\\\\Local\\\\node-gyp\\\\Cache\\\\20.18.0\\\\<(target_arch)\\\\node.lib',
gyp info spawn args   '-Dmodule_root_dir=C:\\workspace\\wolfcrypt_nodejs-gojimmypi',
gyp info spawn args   '-Dnode_engine=v8',
gyp info spawn args   '--depth=.',
gyp info spawn args   '--no-parallel',
gyp info spawn args   '--generator-output',
gyp info spawn args   'C:\\workspace\\wolfcrypt_nodejs-gojimmypi\\build',
gyp info spawn args   '-Goutput_dir=.'
gyp info spawn args ]
gyp info spawn C:\Program Files\Microsoft Visual Studio\2022\Community\MSBuild\Current\Bin\MSBuild.exe
gyp info spawn args [
gyp info spawn args   'build/binding.sln',
gyp info spawn args   '/clp:Verbosity=minimal',
gyp info spawn args   '/nologo',
gyp info spawn args   '/p:Configuration=Release;Platform=x64'
gyp info spawn args ]

  nothing.c
  win_delay_load_hook.cc
  nothing.vcxproj -> C:\workspace\wolfcrypt_nodejs-gojimmypi\build\Release\\nothing.lib
  main.cpp
  evp.cpp
  hmac.cpp
  rsa.cpp
  sha.cpp
  ecc.cpp
  pbkdf2.cpp
  pkcs7.cpp
  win_delay_load_hook.cc
     Creating library C:\workspace\wolfcrypt_nodejs-gojimmypi\build\Release\wolfcrypt.lib and object C:\workspace\wolfcrypt_nodejs-gojimmypi\build\Release\wolfcrypt.exp
  Generating code
  Previous IPDB not found, fall back to full compilation.
  All 386 functions were compiled because no usable IPDB/IOBJ from previous compilation was found.
  Finished generating code
  wolfcrypt.vcxproj -> C:\workspace\wolfcrypt_nodejs-gojimmypi\build\Release\\wolfcrypt.node
gyp info ok

up to date, audited 100 packages in 14s

5 packages are looking for funding
  run `npm fund` for details

found 0 vulnerabilities
C:\workspace\wolfcrypt_nodejs-gojimmypi> npm run test

> wolfcrypt@1.0.3 test
> node test.js

Running test:  ecc_makeKey
wc_ecc_make_key...PASS ecc make_key

Running test:  ecc_sharedSecret32
Begin ecc sharedSecret32
PASS ecc sharedSecret32

Running test:  ecc_sharedSecret64
PASS ecc sharedSecret64

Running test:  ecc_signVerify
wc_ecc_make_key...PASS ecc signVerify

Running test:  ecc_importExportx963
wc_ecc_make_key...PASS ecc importExportx963

Running test:  ecc_importExportDer
wc_ecc_make_key...PASS ecc importExportDer

Running test:  evp_encrypt
PASS evp encrypt

Running test:  evp_decrypt
PASS evp decrypt

Running test:  evp_encryptDecryptOdd
PASS evp encrypt_decrypt_odd

Running test:  evp_encryptionStream
PASS evp encryptionStream

Running test:  evp_decryptionStream
PASS evp decryptionStream

Running test:  evp_encryptDecryptPipes
PASS evp encryptDecryptPipes

Running test:  hmac
PASS hmac hmac

Running test:  hmacStream
PASS hmac hmacStream

Running test:  hmacPipe
PASS hmac hmacPipe

Running test:  pbkdf2
PASS pbkdf2

Running test:  pkcs7_addCertificate
PASS pkcs7 addCertificate

Running test:  pkcs7_encodeData
PASS pkcs7 encodeData

Running test:  pkcs7_signVerify
PASS pkcs7 signVerify

Running test:  pkcs7_getAttribute
PASS pkcs7 getAttribute

Running test:  pkcs7_getSid
PASS pkcs7 getSid

Running test:  rsa_MakeRsaKey
PASS rsa MakeRsaKey

Running test:  rsa_keyToDer
PASS rsa keyToDer

Running test:  rsa_keyToPublicDer
PASS rsa keyToPublicDer

Running test:  rsa_privateKeyDecode
PASS rsa privateKeyDecode

Running test:  rsa_publicKeyDecode
PASS rsa publicKeyDecode

Running test:  rsa_encryptDecrypt
PASS rsa encryptDecrypt

Running test:  rsa_signVerify
PASS rsa signVerify

Running test:  sha
PASS sha sha

Running test:  sha224
PASS sha sha224

Running test:  sha256
PASS sha sha256

Running test:  sha384
PASS sha sha384

Running test:  sha512
PASS sha sha512

Running test:  sha512_224
PASS sha sha512_224

Running test:  sha512_256
PASS sha sha512_256

C:\workspace\wolfcrypt_nodejs-gojimmypi